<?xml version="1.0" encoding="UTF-8"?>
<testng-results skipped="0" failed="1" ignored="0" total="3" passed="2">
  <reporter-output>
  </reporter-output>
  <suite name="Default suite" duration-ms="892" started-at="2018-07-14T20:12:04Z" finished-at="2018-07-14T20:12:04Z">
    <groups>
    </groups>
    <test name="Default test" duration-ms="892" started-at="2018-07-14T20:12:04Z" finished-at="2018-07-14T20:12:04Z">
      <class name="com.qa.test.GetAPITest">
        <test-method status="PASS" signature="setUp()[pri:0, instance:com.qa.test.GetAPITest@735b5592]" name="setUp" is-config="true" duration-ms="6" started-at="2018-07-14T16:12:04Z" finished-at="2018-07-14T16:12:04Z">
          <reporter-output>
          </reporter-output>
        </test-method> <!-- setUp -->
        <test-method status="FAIL" signature="checkAPIStatusTest()[pri:0, instance:com.qa.test.GetAPITest@735b5592]" name="checkAPIStatusTest" duration-ms="842" started-at="2018-07-14T16:12:04Z" finished-at="2018-07-14T16:12:04Z">
          <exception class="java.lang.AssertionError">
            <message>
              <![CDATA[Status code is not 201 expected [201] but found [200]]]>
            </message>
            <full-stacktrace>
              <![CDATA[java.lang.AssertionError: Status code is not 201 expected [201] but found [200]at org.testng.Assert.fail(Assert.java:96)at org.testng.Assert.failNotEquals(Assert.java:776)at org.testng.Assert.assertEqualsImpl(Assert.java:137)at org.testng.Assert.assertEquals(Assert.java:118)at org.testng.Assert.assertEquals(Assert.java:652)at com.qa.test.GetAPITest.checkAPIStatusTest(GetAPITest.java:47)at sun.reflect.NativeMethodAccessorImpl.invoke0(Native Method)at sun.reflect.NativeMethodAccessorImpl.invoke(NativeMethodAccessorImpl.java:62)at sun.reflect.DelegatingMethodAccessorImpl.invoke(DelegatingMethodAccessorImpl.java:43)at java.lang.reflect.Method.invoke(Method.java:498)at org.testng.internal.MethodInvocationHelper.invokeMethod(MethodInvocationHelper.java:124)at org.testng.internal.Invoker.invokeMethod(Invoker.java:571)at org.testng.internal.Invoker.invokeTestMethod(Invoker.java:707)at org.testng.internal.Invoker.invokeTestMethods(Invoker.java:979)at org.testng.internal.TestMethodWorker.invokeTestMethods(TestMethodWorker.java:125)at org.testng.internal.TestMethodWorker.run(TestMethodWorker.java:109)at org.testng.TestRunner.privateRun(TestRunner.java:648)at org.testng.TestRunner.run(TestRunner.java:505)at org.testng.SuiteRunner.runTest(SuiteRunner.java:455)at org.testng.SuiteRunner.runSequentially(SuiteRunner.java:450)at org.testng.SuiteRunner.privateRun(SuiteRunner.java:415)at org.testng.SuiteRunner.run(SuiteRunner.java:364)at org.testng.SuiteRunnerWorker.runSuite(SuiteRunnerWorker.java:52)at org.testng.SuiteRunnerWorker.run(SuiteRunnerWorker.java:84)at org.testng.TestNG.runSuitesSequentially(TestNG.java:1187)at org.testng.TestNG.runSuitesLocally(TestNG.java:1116)at org.testng.TestNG.runSuites(TestNG.java:1028)at org.testng.TestNG.run(TestNG.java:996)at org.testng.remote.AbstractRemoteTestNG.run(AbstractRemoteTestNG.java:114)at org.testng.remote.RemoteTestNG.initAndRun(RemoteTestNG.java:251)at org.testng.remote.RemoteTestNG.main(RemoteTestNG.java:77)]]>
            </full-stacktrace>
          </exception> <!-- java.lang.AssertionError -->
          <reporter-output>
          </reporter-output>
        </test-method> <!-- checkAPIStatusTest -->
        <test-method status="PASS" signature="getAPIHeaderTest()[pri:0, instance:com.qa.test.GetAPITest@735b5592]" name="getAPIHeaderTest" duration-ms="2" started-at="2018-07-14T16:12:04Z" finished-at="2018-07-14T16:12:04Z">
          <reporter-output>
          </reporter-output>
        </test-method> <!-- getAPIHeaderTest -->
        <test-method status="PASS" signature="setUp()[pri:0, instance:com.qa.test.GetAPITest@735b5592]" name="setUp" is-config="true" duration-ms="0" started-at="2018-07-14T16:12:04Z" finished-at="2018-07-14T16:12:04Z">
          <reporter-output>
          </reporter-output>
        </test-method> <!-- setUp -->
        <test-method status="PASS" signature="getAPIJSONBodyTest()[pri:0, instance:com.qa.test.GetAPITest@735b5592]" name="getAPIJSONBodyTest" duration-ms="10" started-at="2018-07-14T16:12:04Z" finished-at="2018-07-14T16:12:04Z">
          <reporter-output>
          </reporter-output>
        </test-method> <!-- getAPIJSONBodyTest -->
        <test-method status="PASS" signature="setUp()[pri:0, instance:com.qa.test.GetAPITest@735b5592]" name="setUp" is-config="true" duration-ms="0" started-at="2018-07-14T16:12:04Z" finished-at="2018-07-14T16:12:04Z">
          <reporter-output>
          </reporter-output>
        </test-method> <!-- setUp -->
      </class> <!-- com.qa.test.GetAPITest -->
    </test> <!-- Default test -->
  </suite> <!-- Default suite -->
</testng-results>
